<?xml version="1.0" encoding="UTF-8"?>
<!-- Generated by org.testng.reporters.JUnitReportReporter -->
<testsuite hostname="moshelevin-lt" failures="0" tests="1" name="seetest.Test7_mytest2" time="152.787" errors="0" timestamp="24 Jan 2018 13:56:26 GMT">
  <testcase classname="seetest.Test7_mytest2" name="runtest" time="152.787"/>
</testsuite> <!-- seetest.Test7_mytest2 -->
