<?xml version="1.0" encoding="UTF-8"?>
<!-- Generated by org.testng.reporters.JUnitReportReporter -->
<testsuite hostname="moshelevin-lt" failures="0" tests="1" name="seetest.TestMyapp" time="132.855" errors="0" timestamp="24 Jan 2018 13:56:26 GMT">
  <testcase classname="seetest.TestMyapp" name="runtest" time="132.855"/>
</testsuite> <!-- seetest.TestMyapp -->
