<?xml version="1.0" encoding="UTF-8"?>
<!-- Generated by org.testng.reporters.JUnitReportReporter -->
<testsuite hostname="moshelevin-lt" failures="0" tests="1" name="seetest.Test3" time="100.784" errors="0" timestamp="4 Dec 2017 20:58:32 GMT">
  <testcase classname="seetest.Test3" name="runtest" time="100.784"/>
</testsuite> <!-- seetest.Test3 -->
