<?xml version="1.0" encoding="UTF-8"?>
<!-- Generated by org.testng.reporters.JUnitReportReporter -->
<testsuite hostname="moshelevin-lt" failures="0" tests="1" name="seetest.Test5_mytest" time="180.342" errors="0" timestamp="24 Jan 2018 13:56:25 GMT">
  <testcase classname="seetest.Test5_mytest" name="runtest" time="180.342"/>
</testsuite> <!-- seetest.Test5_mytest -->
