<?xml version="1.0" encoding="UTF-8"?>
<!-- Generated by org.testng.reporters.JUnitReportReporter -->
<testsuite hostname="moshelevin-lt" failures="0" tests="1" name="seetest.Test1" time="169.380" errors="0" timestamp="4 Dec 2017 20:58:32 GMT">
  <testcase classname="seetest.Test1" name="runtest" time="169.380"/>
</testsuite> <!-- seetest.Test1 -->
