<?xml version="1.0" encoding="UTF-8"?>
<!-- Generated by org.testng.reporters.JUnitReportReporter -->
<testsuite hostname="moshelevin-lt" failures="0" tests="1" name="seetest.Retry" time="0.194" errors="0" timestamp="22 Nov 2017 21:07:15 GMT">
  <testcase classname="seetest.Retry" name="testProperty" time="0.194"/>
</testsuite> <!-- seetest.Retry -->
