<?xml version="1.0" encoding="UTF-8"?>
<!-- Generated by org.testng.reporters.JUnitReportReporter -->
<testsuite hostname="moshelevin-lt" failures="0" tests="1" name="seetest.Trialclass" time="0.000" errors="1" timestamp="2 Jan 2018 20:29:52 GMT">
  <testcase classname="seetest.Trialclass" name="testtest3" time="0.000">
    <error type="java.lang.ExceptionInInitializerError">
      <![CDATA[java.lang.ExceptionInInitializerError
	at org.boon.json.JsonMappingParser.<init>(JsonMappingParser.java:85)
	at org.boon.json.JsonParserFactory.create(JsonParserFactory.java:228)
	at org.boon.json.implementation.ObjectMapperImpl.parser(ObjectMapperImpl.java:254)
	at org.boon.json.implementation.ObjectMapperImpl.fromJson(ObjectMapperImpl.java:303)
	at com.experitest.client.GridClient.lockDeviceForExecution(GridClient.java:351)
	at com.experitest.client.GridClient.lockDeviceForExecution(GridClient.java:309)
	at seetest.Trialclass.setUp(Trialclass.java:21)
	at java.base/jdk.internal.reflect.NativeMethodAccessorImpl.invoke0(Native Method)
	at java.base/jdk.internal.reflect.NativeMethodAccessorImpl.invoke(NativeMethodAccessorImpl.java:62)
	at java.base/jdk.internal.reflect.DelegatingMethodAccessorImpl.invoke(DelegatingMethodAccessorImpl.java:43)
	at java.base/java.lang.reflect.Method.invoke(Method.java:564)
	at org.testng.internal.MethodInvocationHelper.invokeMethod(MethodInvocationHelper.java:100)
	at org.testng.internal.Invoker.invokeConfigurationMethod(Invoker.java:515)
	at org.testng.internal.Invoker.invokeConfigurations(Invoker.java:216)
	at org.testng.internal.Invoker.invokeMethod(Invoker.java:590)
	at org.testng.internal.Invoker.invokeTestMethod(Invoker.java:811)
	at org.testng.internal.Invoker.invokeTestMethods(Invoker.java:1129)
	at org.testng.internal.TestMethodWorker.invokeTestMethods(TestMethodWorker.java:129)
	at org.testng.internal.TestMethodWorker.run(TestMethodWorker.java:112)
	at org.testng.TestRunner.privateRun(TestRunner.java:746)
	at org.testng.TestRunner.run(TestRunner.java:600)
	at org.testng.SuiteRunner.runTest(SuiteRunner.java:366)
	at org.testng.SuiteRunner.runSequentially(SuiteRunner.java:361)
	at org.testng.SuiteRunner.privateRun(SuiteRunner.java:319)
	at org.testng.SuiteRunner.run(SuiteRunner.java:268)
	at org.testng.SuiteRunnerWorker.runSuite(SuiteRunnerWorker.java:52)
	at org.testng.SuiteRunnerWorker.run(SuiteRunnerWorker.java:86)
	at org.testng.TestNG.runSuitesSequentially(TestNG.java:1264)
	at org.testng.TestNG.runSuitesLocally(TestNG.java:1189)
	at org.testng.TestNG.runSuites(TestNG.java:1104)
	at org.testng.TestNG.run(TestNG.java:1076)
	at org.testng.remote.AbstractRemoteTestNG.run(AbstractRemoteTestNG.java:114)
	at org.testng.remote.RemoteTestNG.initAndRun(RemoteTestNG.java:251)
	at org.testng.remote.RemoteTestNG.main(RemoteTestNG.java:77)
Caused by: java.lang.ClassCastException: [B cannot be cast to [C
	at org.boon.core.reflection.FastStringUtils$StringImplementation$1.toCharArray(FastStringUtils.java:92)
	at org.boon.core.reflection.FastStringUtils.toCharArray(FastStringUtils.java:175)
	at org.boon.primitive.Chr.chars(Chr.java:70)
	at org.boon.json.implementation.JsonParserCharArray.<clinit>(JsonParserCharArray.java:275)
	... 34 more
]]>
    </error>
  </testcase> <!-- testtest3 -->
</testsuite> <!-- seetest.Trialclass -->
